<?xml version="1.0" encoding="UTF-8"?>
<!-- Generated by org.testng.reporters.JUnitXMLReporter -->
<testsuite ignored="0" hostname="DESKTOP-QIVB45F" failures="0" tests="4" name="Default test" time="33.276" errors="0" timestamp="2026-03-10T10:12:37 IST">
  <testcase classname="tests.FlightBookingTest" name="searchFlightsTest" time="1.151"/>
  <testcase classname="tests.FlightBookingTest" name="selectFlightTest" time="2.146"/>
  <testcase classname="tests.FlightBookingTest" name="enterPassengerDetailsTest" time="3.02"/>
  <testcase classname="tests.FlightBookingTest" name="completeBookingTest" time="6.396"/>
</testsuite> <!-- Default test -->
