<?xml version="1.0" encoding="UTF-8"?>
<!-- Generated by org.testng.reporters.JUnitXMLReporter -->
<testsuite ignored="0" hostname="DESKTOP-QIVB45F" failures="0" tests="4" name="FlightBookingTests" time="47.767" errors="0" timestamp="2026-03-10T12:37:06 IST">
  <testcase classname="tests.FlightBookingTest" name="searchFlightsTest" time="6.805"/>
  <testcase classname="tests.FlightBookingTest" name="selectFlightTest" time="3.754"/>
  <testcase classname="tests.FlightBookingTest" name="enterPassengerDetailsTest" time="4.459"/>
  <testcase classname="tests.FlightBookingTest" name="completeBookingTest" time="9.709"/>
</testsuite> <!-- FlightBookingTests -->
