<?xml version="1.0" encoding="UTF-8"?>
<!-- Generated by org.testng.reporters.JUnitReportReporter -->
<testsuite hostname="DESKTOP-QIVB45F" failures="0" tests="4" name="tests.FlightBookingTest" time="47.592" errors="0" timestamp="2026-03-10T12:37:06 IST" skipped="0">
  <testcase classname="tests.FlightBookingTest" name="searchFlightsTest" time="10.006"/>
  <testcase classname="tests.FlightBookingTest" name="selectFlightTest" time="7.897"/>
  <testcase classname="tests.FlightBookingTest" name="enterPassengerDetailsTest" time="16.724"/>
  <testcase classname="tests.FlightBookingTest" name="completeBookingTest" time="12.965"/>
</testsuite> <!-- tests.FlightBookingTest -->
