<?xml version="1.0" encoding="UTF-8"?>
<!-- Generated by org.testng.reporters.JUnitReportReporter -->
<testsuite hostname="DESKTOP-QIVB45F" failures="0" tests="4" name="tests.FlightBookingTest" time="33.184" errors="0" timestamp="2026-03-10T10:12:37 IST" skipped="0">
  <testcase classname="tests.FlightBookingTest" name="searchFlightsTest" time="5.740"/>
  <testcase classname="tests.FlightBookingTest" name="selectFlightTest" time="6.650"/>
  <testcase classname="tests.FlightBookingTest" name="enterPassengerDetailsTest" time="9.418"/>
  <testcase classname="tests.FlightBookingTest" name="completeBookingTest" time="11.376"/>
</testsuite> <!-- tests.FlightBookingTest -->
